  Duck_Hunt.cpp
C:\Duck_Hunt\Duck-Hunt\Duck_Hunt\Duck_Hunt.cpp(29,13): warning C4244: 'initializing': conversion from 'int' to 'float', possible loss of data
C:\Duck_Hunt\Duck-Hunt\Duck_Hunt\Duck_Hunt.cpp(32,10): warning C4244: 'initializing': conversion from 'int' to 'float', possible loss of data
C:\Duck_Hunt\Duck-Hunt\Duck_Hunt\Duck_Hunt.cpp(32,18): warning C4244: 'initializing': conversion from 'int' to 'float', possible loss of data
C:\Duck_Hunt\Duck-Hunt\Duck_Hunt\Duck_Hunt.cpp(33,14): warning C4244: 'argument': conversion from 'float' to 'int', possible loss of data
C:\Duck_Hunt\Duck-Hunt\Duck_Hunt\Duck_Hunt.cpp(33,11): warning C4244: 'argument': conversion from 'float' to 'int', possible loss of data
C:\Duck_Hunt\Duck-Hunt\Duck_Hunt\Duck_Hunt.cpp(55,11): warning C4244: '=': conversion from 'double' to 'float', possible loss of data
C:\Duck_Hunt\Duck-Hunt\Duck_Hunt\Duck_Hunt.cpp(73,33): warning C4244: '=': conversion from 'float' to 'int', possible loss of data
C:\Duck_Hunt\Duck-Hunt\Duck_Hunt\Duck_Hunt.cpp(83,34): warning C4244: 'argument': conversion from 'float' to 'int', possible loss of data
C:\Duck_Hunt\Duck-Hunt\Duck_Hunt\Duck_Hunt.cpp(83,18): warning C4244: 'argument': conversion from 'float' to 'int', possible loss of data
C:\Duck_Hunt\Duck-Hunt\Duck_Hunt\Duck_Hunt.cpp(297,84): warning C4244: '=': conversion from 'double' to 'int', possible loss of data
C:\Duck_Hunt\Duck-Hunt\Duck_Hunt\Duck_Hunt.cpp(298,84): warning C4244: '=': conversion from 'double' to 'int', possible loss of data
C:\Duck_Hunt\Duck-Hunt\Duck_Hunt\Duck_Hunt.cpp(309,84): warning C4244: '=': conversion from 'double' to 'int', possible loss of data
C:\Duck_Hunt\Duck-Hunt\Duck_Hunt\Duck_Hunt.cpp(310,84): warning C4244: '=': conversion from 'double' to 'int', possible loss of data
C:\Duck_Hunt\Duck-Hunt\Duck_Hunt\Duck_Hunt.cpp(469): warning C4715: 'duckFly': not all control paths return a value
graphics.lib(dibutil.obj) : warning LNK4099: PDB 'bgi.pdb' was not found with 'graphics.lib(dibutil.obj)' or at 'C:\Duck_Hunt\Duck-Hunt\Duck_Hunt\Debug\bgi.pdb'; linking object as if no debug info
graphics.lib(drawing.obj) : warning LNK4099: PDB 'bgi.pdb' was not found with 'graphics.lib(drawing.obj)' or at 'C:\Duck_Hunt\Duck-Hunt\Duck_Hunt\Debug\bgi.pdb'; linking object as if no debug info
graphics.lib(file.obj) : warning LNK4099: PDB 'bgi.pdb' was not found with 'graphics.lib(file.obj)' or at 'C:\Duck_Hunt\Duck-Hunt\Duck_Hunt\Debug\bgi.pdb'; linking object as if no debug info
graphics.lib(misc.obj) : warning LNK4099: PDB 'bgi.pdb' was not found with 'graphics.lib(misc.obj)' or at 'C:\Duck_Hunt\Duck-Hunt\Duck_Hunt\Debug\bgi.pdb'; linking object as if no debug info
graphics.lib(mouse.obj) : warning LNK4099: PDB 'bgi.pdb' was not found with 'graphics.lib(mouse.obj)' or at 'C:\Duck_Hunt\Duck-Hunt\Duck_Hunt\Debug\bgi.pdb'; linking object as if no debug info
graphics.lib(text.obj) : warning LNK4099: PDB 'bgi.pdb' was not found with 'graphics.lib(text.obj)' or at 'C:\Duck_Hunt\Duck-Hunt\Duck_Hunt\Debug\bgi.pdb'; linking object as if no debug info
graphics.lib(winbgi.obj) : warning LNK4099: PDB 'bgi.pdb' was not found with 'graphics.lib(winbgi.obj)' or at 'C:\Duck_Hunt\Duck-Hunt\Duck_Hunt\Debug\bgi.pdb'; linking object as if no debug info
graphics.lib(winthread.obj) : warning LNK4099: PDB 'bgi.pdb' was not found with 'graphics.lib(winthread.obj)' or at 'C:\Duck_Hunt\Duck-Hunt\Duck_Hunt\Debug\bgi.pdb'; linking object as if no debug info
  Duck_Hunt.vcxproj -> C:\Duck_Hunt\Duck-Hunt\Duck_Hunt\Debug\Duck_Hunt.exe
